Determining if the pthread_create exist failed with the following output:
Change Dir: /home/peggyjean/toms_ws/build/CMakeFiles/CMakeTmp

Run Build Command:/usr/bin/make "cmTryCompileExec2789976488/fast"
/usr/bin/make -f CMakeFiles/cmTryCompileExec2789976488.dir/build.make CMakeFiles/cmTryCompileExec2789976488.dir/build
make[1]: Entering directory `/home/peggyjean/toms_ws/build/CMakeFiles/CMakeTmp'
/usr/bin/cmake -E cmake_progress_report /home/peggyjean/toms_ws/build/CMakeFiles/CMakeTmp/CMakeFiles 1
Building C object CMakeFiles/cmTryCompileExec2789976488.dir/CheckSymbolExists.c.o
/usr/bin/cc    -o CMakeFiles/cmTryCompileExec2789976488.dir/CheckSymbolExists.c.o   -c /home/peggyjean/toms_ws/build/CMakeFiles/CMakeTmp/CheckSymbolExists.c
Linking C executable cmTryCompileExec2789976488
/usr/bin/cmake -E cmake_link_script CMakeFiles/cmTryCompileExec2789976488.dir/link.txt --verbose=1
/usr/bin/cc       CMakeFiles/cmTryCompileExec2789976488.dir/CheckSymbolExists.c.o  -o cmTryCompileExec2789976488 -rdynamic 
CMakeFiles/cmTryCompileExec2789976488.dir/CheckSymbolExists.c.o: In function `main':
CheckSymbolExists.c:(.text+0x16): undefined reference to `pthread_create'
collect2: error: ld returned 1 exit status
make[1]: Leaving directory `/home/peggyjean/toms_ws/build/CMakeFiles/CMakeTmp'
make[1]: *** [cmTryCompileExec2789976488] Error 1
make: *** [cmTryCompileExec2789976488/fast] Error 2

File /home/peggyjean/toms_ws/build/CMakeFiles/CMakeTmp/CheckSymbolExists.c:
/* */
#include <pthread.h>

int main(int argc, char** argv)
{
  (void)argv;
#ifndef pthread_create
  return ((int*)(&pthread_create))[argc];
#else
  (void)argc;
  return 0;
#endif
}

Determining if the function pthread_create exists in the pthreads failed with the following output:
Change Dir: /home/peggyjean/toms_ws/build/CMakeFiles/CMakeTmp

Run Build Command:/usr/bin/make "cmTryCompileExec2451389495/fast"
/usr/bin/make -f CMakeFiles/cmTryCompileExec2451389495.dir/build.make CMakeFiles/cmTryCompileExec2451389495.dir/build
make[1]: Entering directory `/home/peggyjean/toms_ws/build/CMakeFiles/CMakeTmp'
/usr/bin/cmake -E cmake_progress_report /home/peggyjean/toms_ws/build/CMakeFiles/CMakeTmp/CMakeFiles 1
Building C object CMakeFiles/cmTryCompileExec2451389495.dir/CheckFunctionExists.c.o
/usr/bin/cc   -DCHECK_FUNCTION_EXISTS=pthread_create   -o CMakeFiles/cmTryCompileExec2451389495.dir/CheckFunctionExists.c.o   -c /usr/share/cmake-2.8/Modules/CheckFunctionExists.c
Linking C executable cmTryCompileExec2451389495
/usr/bin/cmake -E cmake_link_script CMakeFiles/cmTryCompileExec2451389495.dir/link.txt --verbose=1
/usr/bin/cc   -DCHECK_FUNCTION_EXISTS=pthread_create    CMakeFiles/cmTryCompileExec2451389495.dir/CheckFunctionExists.c.o  -o cmTryCompileExec2451389495 -rdynamic -lpthreads 
/usr/bin/ld: cannot find -lpthreads
collect2: error: ld returned 1 exit status
make[1]: Leaving directory `/home/peggyjean/toms_ws/build/CMakeFiles/CMakeTmp'
make[1]: *** [cmTryCompileExec2451389495] Error 1
make: *** [cmTryCompileExec2451389495/fast] Error 2


